2021-05-11 20:10:55,838 [Worker-4: Loading available Gradle versions] INFO  o.e.b.c.i.u.g.PublishedGradleVersions - Gradle version information cache is up-to-date. Trying to read.
2021-05-11 22:28:01,978 [Worker-7: Loading available Gradle versions] INFO  o.e.b.c.i.u.g.PublishedGradleVersions - Gradle version information cache is up-to-date. Trying to read.
2021-05-11 22:36:08,553 [Worker-0: Loading available Gradle versions] INFO  o.e.b.c.i.u.g.PublishedGradleVersions - Gradle version information cache is up-to-date. Trying to read.
2021-05-11 22:55:32,394 [Worker-2: Loading available Gradle versions] INFO  o.e.b.c.i.u.g.PublishedGradleVersions - Gradle version information cache is up-to-date. Trying to read.
2021-05-11 22:57:31,991 [Worker-9: Refreshing workspace] ERROR o.e.m.j.i.l.MavenLaunchConfigurationListener - Launch configuration ASTFrame references non-existing project northwind.
org.eclipse.core.runtime.CoreException: Launch configuration ASTFrame references non-existing project northwind.
	at org.eclipse.jdt.launching.JavaRuntime.abort(JavaRuntime.java:1843)
	at org.eclipse.jdt.launching.JavaRuntime.getJavaProject(JavaRuntime.java:1718)
	at org.eclipse.m2e.jdt.internal.launch.MavenLaunchConfigurationListener.updateLaunchConfiguration(MavenLaunchConfigurationListener.java:59)
	at org.eclipse.m2e.jdt.internal.launch.MavenLaunchConfigurationListener.launchConfigurationAdded(MavenLaunchConfigurationListener.java:42)
	at org.eclipse.debug.internal.core.LaunchManager$ConfigurationNotifier.run(LaunchManager.java:219)
	at org.eclipse.core.runtime.SafeRunner.run(SafeRunner.java:45)
	at org.eclipse.debug.internal.core.LaunchManager$ConfigurationNotifier.notify(LaunchManager.java:209)
	at org.eclipse.debug.internal.core.LaunchManager.launchConfigurationAdded(LaunchManager.java:2101)
	at org.eclipse.debug.internal.core.LaunchManager.projectOpened(LaunchManager.java:2193)
	at org.eclipse.debug.internal.core.LaunchManager$LaunchManagerVisitor.visit(LaunchManager.java:356)
	at org.eclipse.core.internal.events.ResourceDelta.accept(ResourceDelta.java:67)
	at org.eclipse.core.internal.events.ResourceDelta.accept(ResourceDelta.java:77)
	at org.eclipse.core.internal.events.ResourceDelta.accept(ResourceDelta.java:51)
	at org.eclipse.debug.internal.core.LaunchManager.resourceChanged(LaunchManager.java:2253)
	at org.eclipse.core.internal.events.NotificationManager$1.run(NotificationManager.java:305)
	at org.eclipse.core.runtime.SafeRunner.run(SafeRunner.java:45)
	at org.eclipse.core.internal.events.NotificationManager.notify(NotificationManager.java:295)
	at org.eclipse.core.internal.events.NotificationManager.broadcastChanges(NotificationManager.java:158)
	at org.eclipse.core.internal.resources.Workspace.broadcastPostChange(Workspace.java:380)
	at org.eclipse.core.internal.resources.Workspace.endOperation(Workspace.java:1502)
	at org.eclipse.core.internal.resources.InternalWorkspaceJob.run(InternalWorkspaceJob.java:49)
	at org.eclipse.core.internal.jobs.Worker.run(Worker.java:63)
2021-05-11 22:57:32,076 [Worker-9: Refreshing workspace] ERROR o.e.m.j.i.l.MavenLaunchConfigurationListener - Launch configuration NorthwindApplication references non-existing project northwind.
org.eclipse.core.runtime.CoreException: Launch configuration NorthwindApplication references non-existing project northwind.
	at org.eclipse.jdt.launching.JavaRuntime.abort(JavaRuntime.java:1843)
	at org.eclipse.jdt.launching.JavaRuntime.getJavaProject(JavaRuntime.java:1718)
	at org.eclipse.m2e.jdt.internal.launch.MavenLaunchConfigurationListener.updateLaunchConfiguration(MavenLaunchConfigurationListener.java:59)
	at org.eclipse.m2e.jdt.internal.launch.MavenLaunchConfigurationListener.launchConfigurationAdded(MavenLaunchConfigurationListener.java:42)
	at org.eclipse.debug.internal.core.LaunchManager$ConfigurationNotifier.run(LaunchManager.java:219)
	at org.eclipse.core.runtime.SafeRunner.run(SafeRunner.java:45)
	at org.eclipse.debug.internal.core.LaunchManager$ConfigurationNotifier.notify(LaunchManager.java:209)
	at org.eclipse.debug.internal.core.LaunchManager.launchConfigurationAdded(LaunchManager.java:2101)
	at org.eclipse.debug.internal.core.LaunchManager.projectOpened(LaunchManager.java:2193)
	at org.eclipse.debug.internal.core.LaunchManager$LaunchManagerVisitor.visit(LaunchManager.java:356)
	at org.eclipse.core.internal.events.ResourceDelta.accept(ResourceDelta.java:67)
	at org.eclipse.core.internal.events.ResourceDelta.accept(ResourceDelta.java:77)
	at org.eclipse.core.internal.events.ResourceDelta.accept(ResourceDelta.java:51)
	at org.eclipse.debug.internal.core.LaunchManager.resourceChanged(LaunchManager.java:2253)
	at org.eclipse.core.internal.events.NotificationManager$1.run(NotificationManager.java:305)
	at org.eclipse.core.runtime.SafeRunner.run(SafeRunner.java:45)
	at org.eclipse.core.internal.events.NotificationManager.notify(NotificationManager.java:295)
	at org.eclipse.core.internal.events.NotificationManager.broadcastChanges(NotificationManager.java:158)
	at org.eclipse.core.internal.resources.Workspace.broadcastPostChange(Workspace.java:380)
	at org.eclipse.core.internal.resources.Workspace.endOperation(Workspace.java:1502)
	at org.eclipse.core.internal.resources.InternalWorkspaceJob.run(InternalWorkspaceJob.java:49)
	at org.eclipse.core.internal.jobs.Worker.run(Worker.java:63)
2021-05-11 22:57:33,995 [Worker-6: Updating Maven Dependencies] INFO  o.e.m.c.i.l.LifecycleMappingFactory - Using org.eclipse.m2e.jdt.JarLifecycleMapping lifecycle mapping for MavenProject: kodlamaio:hrms:0.0.1-SNAPSHOT @ C:\java-kamp\hrms\pom.xml.
2021-05-11 22:58:03,338 [Worker-6: Building] INFO  o.e.m.c.i.embedder.EclipseLogger - Using 'UTF-8' encoding to copy filtered resources.
2021-05-11 22:58:03,339 [Worker-6: Building] INFO  o.e.m.c.i.embedder.EclipseLogger - Using 'UTF-8' encoding to copy filtered properties files.
2021-05-11 22:58:03,415 [Worker-6: Building] INFO  o.e.m.c.i.embedder.EclipseLogger - Copying 1 resource
2021-05-11 22:58:03,437 [Worker-6: Building] INFO  o.e.m.c.i.embedder.EclipseLogger - Copying 0 resource
2021-05-11 22:58:03,460 [Worker-6: Building] INFO  o.e.m.c.i.embedder.EclipseLogger - Using 'UTF-8' encoding to copy filtered resources.
2021-05-11 22:58:03,460 [Worker-6: Building] INFO  o.e.m.c.i.embedder.EclipseLogger - Using 'UTF-8' encoding to copy filtered properties files.
2021-05-11 22:58:03,460 [Worker-6: Building] INFO  o.e.m.c.i.embedder.EclipseLogger - skip non existing resourceDirectory C:\java-kamp\hrms\src\test\resources
2021-05-12 23:59:48,225 [Worker-8: Loading available Gradle versions] INFO  o.e.b.c.i.u.g.PublishedGradleVersions - Gradle version information cache is up-to-date. Trying to read.
2021-05-12 23:59:59,830 [Worker-4: Building] INFO  o.e.m.c.i.embedder.EclipseLogger - Using 'UTF-8' encoding to copy filtered resources.
2021-05-12 23:59:59,831 [Worker-4: Building] INFO  o.e.m.c.i.embedder.EclipseLogger - Using 'UTF-8' encoding to copy filtered properties files.
2021-05-12 23:59:59,895 [Worker-4: Building] INFO  o.e.m.c.i.embedder.EclipseLogger - Copying 1 resource
2021-05-12 23:59:59,935 [Worker-4: Building] INFO  o.e.m.c.i.embedder.EclipseLogger - Copying 0 resource
2021-05-12 23:59:59,940 [Worker-4: Building] INFO  o.e.m.c.i.embedder.EclipseLogger - Using 'UTF-8' encoding to copy filtered resources.
2021-05-12 23:59:59,940 [Worker-4: Building] INFO  o.e.m.c.i.embedder.EclipseLogger - Using 'UTF-8' encoding to copy filtered properties files.
2021-05-12 23:59:59,940 [Worker-4: Building] INFO  o.e.m.c.i.embedder.EclipseLogger - skip non existing resourceDirectory C:\java-kamp\hrms\src\test\resources
2021-05-13 00:02:13,431 [Worker-12: Building] INFO  o.e.m.c.i.embedder.EclipseLogger - Using 'UTF-8' encoding to copy filtered resources.
2021-05-13 00:02:13,431 [Worker-12: Building] INFO  o.e.m.c.i.embedder.EclipseLogger - Using 'UTF-8' encoding to copy filtered properties files.
2021-05-13 00:02:13,433 [Worker-12: Building] INFO  o.e.m.c.i.embedder.EclipseLogger - Copying 0 resource
2021-05-13 00:02:13,433 [Worker-12: Building] INFO  o.e.m.c.i.embedder.EclipseLogger - Copying 0 resource
2021-05-13 00:02:13,437 [Worker-12: Building] INFO  o.e.m.c.i.embedder.EclipseLogger - Using 'UTF-8' encoding to copy filtered resources.
2021-05-13 00:02:13,437 [Worker-12: Building] INFO  o.e.m.c.i.embedder.EclipseLogger - Using 'UTF-8' encoding to copy filtered properties files.
2021-05-13 00:02:13,437 [Worker-12: Building] INFO  o.e.m.c.i.embedder.EclipseLogger - skip non existing resourceDirectory C:\java-kamp\hrms\src\test\resources
2021-05-22 21:50:25,315 [Worker-5: Loading available Gradle versions] INFO  o.e.b.c.i.u.g.PublishedGradleVersions - Gradle version information cache is out-of-date. Trying to update.
2021-05-23 02:06:14,100 [Worker-8: Loading available Gradle versions] INFO  o.e.b.c.i.u.g.PublishedGradleVersions - Gradle version information cache is up-to-date. Trying to read.
2021-05-23 02:10:53,718 [Worker-1: Loading available Gradle versions] INFO  o.e.b.c.i.u.g.PublishedGradleVersions - Gradle version information cache is up-to-date. Trying to read.
2021-05-23 02:11:59,030 [Worker-2: Loading available Gradle versions] INFO  o.e.b.c.i.u.g.PublishedGradleVersions - Gradle version information cache is up-to-date. Trying to read.
2021-05-27 21:05:22,235 [Worker-6: Loading available Gradle versions] INFO  o.e.b.c.i.u.g.PublishedGradleVersions - Gradle version information cache is up-to-date. Trying to read.
2021-05-28 10:23:31,768 [Worker-2: Loading available Gradle versions] INFO  o.e.b.c.i.u.g.PublishedGradleVersions - Gradle version information cache is up-to-date. Trying to read.
2021-05-28 10:28:52,965 [Worker-2: Loading available Gradle versions] INFO  o.e.b.c.i.u.g.PublishedGradleVersions - Gradle version information cache is up-to-date. Trying to read.
2021-05-28 11:11:20,221 [Worker-0: Loading available Gradle versions] INFO  o.e.b.c.i.u.g.PublishedGradleVersions - Gradle version information cache is up-to-date. Trying to read.
2021-05-28 11:14:27,374 [Worker-9: Refreshing workspace] ERROR o.e.m.j.i.l.MavenLaunchConfigurationListener - Launch configuration ASTFrame references non-existing project northwind.
org.eclipse.core.runtime.CoreException: Launch configuration ASTFrame references non-existing project northwind.
	at org.eclipse.jdt.launching.JavaRuntime.abort(JavaRuntime.java:1843)
	at org.eclipse.jdt.launching.JavaRuntime.getJavaProject(JavaRuntime.java:1718)
	at org.eclipse.m2e.jdt.internal.launch.MavenLaunchConfigurationListener.updateLaunchConfiguration(MavenLaunchConfigurationListener.java:59)
	at org.eclipse.m2e.jdt.internal.launch.MavenLaunchConfigurationListener.launchConfigurationAdded(MavenLaunchConfigurationListener.java:42)
	at org.eclipse.debug.internal.core.LaunchManager$ConfigurationNotifier.run(LaunchManager.java:219)
	at org.eclipse.core.runtime.SafeRunner.run(SafeRunner.java:45)
	at org.eclipse.debug.internal.core.LaunchManager$ConfigurationNotifier.notify(LaunchManager.java:209)
	at org.eclipse.debug.internal.core.LaunchManager.launchConfigurationAdded(LaunchManager.java:2101)
	at org.eclipse.debug.internal.core.LaunchManager$LaunchManagerVisitor.visit(LaunchManager.java:370)
	at org.eclipse.core.internal.events.ResourceDelta.accept(ResourceDelta.java:67)
	at org.eclipse.core.internal.events.ResourceDelta.accept(ResourceDelta.java:77)
	at org.eclipse.core.internal.events.ResourceDelta.accept(ResourceDelta.java:77)
	at org.eclipse.core.internal.events.ResourceDelta.accept(ResourceDelta.java:77)
	at org.eclipse.core.internal.events.ResourceDelta.accept(ResourceDelta.java:77)
	at org.eclipse.core.internal.events.ResourceDelta.accept(ResourceDelta.java:77)
	at org.eclipse.core.internal.events.ResourceDelta.accept(ResourceDelta.java:77)
	at org.eclipse.core.internal.events.ResourceDelta.accept(ResourceDelta.java:51)
	at org.eclipse.debug.internal.core.LaunchManager.resourceChanged(LaunchManager.java:2253)
	at org.eclipse.core.internal.events.NotificationManager$1.run(NotificationManager.java:305)
	at org.eclipse.core.runtime.SafeRunner.run(SafeRunner.java:45)
	at org.eclipse.core.internal.events.NotificationManager.notify(NotificationManager.java:295)
	at org.eclipse.core.internal.events.NotificationManager.broadcastChanges(NotificationManager.java:158)
	at org.eclipse.core.internal.resources.Workspace.broadcastPostChange(Workspace.java:380)
	at org.eclipse.core.internal.resources.Workspace.endOperation(Workspace.java:1502)
	at org.eclipse.core.internal.resources.InternalWorkspaceJob.run(InternalWorkspaceJob.java:49)
	at org.eclipse.core.internal.jobs.Worker.run(Worker.java:63)
2021-05-28 11:14:27,379 [Worker-9: Refreshing workspace] ERROR o.e.m.j.i.l.MavenLaunchConfigurationListener - Launch configuration NorthwindApplication references non-existing project northwind.
org.eclipse.core.runtime.CoreException: Launch configuration NorthwindApplication references non-existing project northwind.
	at org.eclipse.jdt.launching.JavaRuntime.abort(JavaRuntime.java:1843)
	at org.eclipse.jdt.launching.JavaRuntime.getJavaProject(JavaRuntime.java:1718)
	at org.eclipse.m2e.jdt.internal.launch.MavenLaunchConfigurationListener.updateLaunchConfiguration(MavenLaunchConfigurationListener.java:59)
	at org.eclipse.m2e.jdt.internal.launch.MavenLaunchConfigurationListener.launchConfigurationAdded(MavenLaunchConfigurationListener.java:42)
	at org.eclipse.debug.internal.core.LaunchManager$ConfigurationNotifier.run(LaunchManager.java:219)
	at org.eclipse.core.runtime.SafeRunner.run(SafeRunner.java:45)
	at org.eclipse.debug.internal.core.LaunchManager$ConfigurationNotifier.notify(LaunchManager.java:209)
	at org.eclipse.debug.internal.core.LaunchManager.launchConfigurationAdded(LaunchManager.java:2101)
	at org.eclipse.debug.internal.core.LaunchManager$LaunchManagerVisitor.visit(LaunchManager.java:370)
	at org.eclipse.core.internal.events.ResourceDelta.accept(ResourceDelta.java:67)
	at org.eclipse.core.internal.events.ResourceDelta.accept(ResourceDelta.java:77)
	at org.eclipse.core.internal.events.ResourceDelta.accept(ResourceDelta.java:77)
	at org.eclipse.core.internal.events.ResourceDelta.accept(ResourceDelta.java:77)
	at org.eclipse.core.internal.events.ResourceDelta.accept(ResourceDelta.java:77)
	at org.eclipse.core.internal.events.ResourceDelta.accept(ResourceDelta.java:77)
	at org.eclipse.core.internal.events.ResourceDelta.accept(ResourceDelta.java:77)
	at org.eclipse.core.internal.events.ResourceDelta.accept(ResourceDelta.java:51)
	at org.eclipse.debug.internal.core.LaunchManager.resourceChanged(LaunchManager.java:2253)
	at org.eclipse.core.internal.events.NotificationManager$1.run(NotificationManager.java:305)
	at org.eclipse.core.runtime.SafeRunner.run(SafeRunner.java:45)
	at org.eclipse.core.internal.events.NotificationManager.notify(NotificationManager.java:295)
	at org.eclipse.core.internal.events.NotificationManager.broadcastChanges(NotificationManager.java:158)
	at org.eclipse.core.internal.resources.Workspace.broadcastPostChange(Workspace.java:380)
	at org.eclipse.core.internal.resources.Workspace.endOperation(Workspace.java:1502)
	at org.eclipse.core.internal.resources.InternalWorkspaceJob.run(InternalWorkspaceJob.java:49)
	at org.eclipse.core.internal.jobs.Worker.run(Worker.java:63)
2021-05-28 11:14:33,630 [Worker-3: Building] INFO  o.e.m.c.i.l.LifecycleMappingFactory - Using org.eclipse.m2e.jdt.JarLifecycleMapping lifecycle mapping for MavenProject: kodlamaio:hrms:0.0.1-SNAPSHOT @ C:\java-kamp\hrms-backend\pom.xml.
2021-05-28 11:14:37,592 [Worker-3: Building] INFO  o.e.m.c.i.embedder.EclipseLogger - Using 'UTF-8' encoding to copy filtered resources.
2021-05-28 11:14:37,593 [Worker-3: Building] INFO  o.e.m.c.i.embedder.EclipseLogger - Using 'UTF-8' encoding to copy filtered properties files.
2021-05-28 11:14:37,600 [Worker-3: Building] INFO  o.e.m.c.i.embedder.EclipseLogger - Copying 1 resource
2021-05-28 11:14:37,626 [Worker-3: Building] INFO  o.e.m.c.i.embedder.EclipseLogger - Copying 0 resource
2021-05-28 11:14:37,631 [Worker-3: Building] INFO  o.e.m.c.i.embedder.EclipseLogger - Using 'UTF-8' encoding to copy filtered resources.
2021-05-28 11:14:37,631 [Worker-3: Building] INFO  o.e.m.c.i.embedder.EclipseLogger - Using 'UTF-8' encoding to copy filtered properties files.
2021-05-28 11:14:37,631 [Worker-3: Building] INFO  o.e.m.c.i.embedder.EclipseLogger - skip non existing resourceDirectory C:\java-kamp\hrms-backend\src\test\resources
2021-05-28 11:14:44,612 [Worker-1: Building] INFO  o.e.m.c.i.embedder.EclipseLogger - Using 'UTF-8' encoding to copy filtered resources.
2021-05-28 11:14:44,613 [Worker-1: Building] INFO  o.e.m.c.i.embedder.EclipseLogger - Using 'UTF-8' encoding to copy filtered properties files.
2021-05-28 11:14:44,617 [Worker-1: Building] INFO  o.e.m.c.i.embedder.EclipseLogger - Copying 1 resource
2021-05-28 11:14:44,621 [Worker-1: Building] INFO  o.e.m.c.i.embedder.EclipseLogger - Copying 0 resource
2021-05-28 11:14:44,624 [Worker-1: Building] INFO  o.e.m.c.i.embedder.EclipseLogger - Using 'UTF-8' encoding to copy filtered resources.
2021-05-28 11:14:44,625 [Worker-1: Building] INFO  o.e.m.c.i.embedder.EclipseLogger - Using 'UTF-8' encoding to copy filtered properties files.
2021-05-28 11:14:44,625 [Worker-1: Building] INFO  o.e.m.c.i.embedder.EclipseLogger - skip non existing resourceDirectory C:\java-kamp\hrms-backend\src\test\resources
